00:00:00.089884 VirtualBox GUI VM Selector Window 6.0.4 r128413 linux.amd64 (Jan 25 2019 21:00:14) release log
00:00:00.089886 Log opened 2019-02-27T02:36:59.017701000Z
00:00:00.089886 Build Type: release
00:00:00.089891 OS Product: Linux
00:00:00.089892 OS Release: 4.15.0-20-generic
00:00:00.089893 OS Version: #21-Ubuntu SMP Tue Apr 24 06:16:15 UTC 2018
00:00:00.089922 DMI Product Name: MacBookPro14,1
00:00:00.089928 DMI Product Version: 1.0
00:00:00.089976 Host RAM: 7842MB (7.6GB) total, 5195MB (5.0GB) available
00:00:00.089981 Executable: /usr/lib/virtualbox/VirtualBox
00:00:00.089981 Process ID: 10965
00:00:00.089982 Package type: LINUX_64BITS__UBUNTU_18_04
00:00:00.090012 Qt version: 5.9.5
00:00:00.104776 GUI: UIMediumEnumerator: Medium-enumeration started...
00:00:00.367430 GUI: UIMediumEnumerator: Medium-enumeration finished!
00:00:00.372859 GUI: UIDesktopWidgetWatchdog::sltHandleHostScreenAvailableGeometryCalculated: Screen 0 work area is actually resized to: 320x0 x 320x784
00:00:24.542368 GUI: UIMediumEnumerator: Medium-enumeration started...
00:00:24.575045 GUI: UIMediumEnumerator: Medium-enumeration finished!
00:01:13.023827 ERROR [COM]: aRC=NS_ERROR_UNEXPECTED (0x8000ffff) aIID={c0447716-ff5a-4795-b57a-ecd5fffa18a4} aComponent={SessionWrap} aText={The session is not locked (session state: Unlocked)}, preserve=false aResultDetail=0
00:01:13.045211 GUI: UIMediumEnumerator: Medium-enumeration finished!
00:01:13.061667 GUI: UIMediumEnumerator: Medium-enumeration finished!
